              Procedure           Image            Address        Calls Instructions
                  _fini libpthread.so.0       7f771be12274            1            3
           elision_init libpthread.so.0       7f771be11ed0            1           36
       __libc_sigaction libpthread.so.0       7f771be10990            2          102
_pthread_cleanup_pop_restore libpthread.so.0       7f771be0edd0            8           72
_pthread_cleanup_push_defer libpthread.so.0       7f771be0ed70            8           96
   _pthread_cleanup_pop libpthread.so.0       7f771be0ed40            1            6
  _pthread_cleanup_push libpthread.so.0       7f771be0ed20            1            6
           pthread_once libpthread.so.0       7f771be0d9b0           12           59
    __pthread_once_slow libpthread.so.0       7f771be0d850            1           47
__pthread_rwlock_unlock libpthread.so.0       7f771be0b260            3          126
__pthread_rwlock_wrlock libpthread.so.0       7f771be0a880            3          155
 __pthread_mutex_unlock libpthread.so.0       7f771be09810            2           58
     pthread_mutex_lock libpthread.so.0       7f771be07fd0            2           70
__pthread_initialize_minimal libpthread.so.0       7f771be03e80            1          156
            frame_dummy libpthread.so.0       7f771be03c80            1            4
  __do_global_dtors_aux libpthread.so.0       7f771be03c40            1           12
     register_tm_clones libpthread.so.0       7f771be03bf0            1           13
   deregister_tm_clones libpthread.so.0       7f771be03bb0            1            8
               .plt.got libpthread.so.0       7f771be03ba0            1            1
_dl_get_tls_static_info@plt libpthread.so.0       7f771be03b00            1            3
  __tunable_get_val@plt libpthread.so.0       7f771be03ae0            5            7
__libc_pthread_init@plt libpthread.so.0       7f771be03a00            1            3
        __getrlimit@plt libpthread.so.0       7f771be036d0            1            3
                   .plt libpthread.so.0       7f771be03690            4            8
                  _init libpthread.so.0       7f771be03678            1            4
                  .fini      libdl.so.2       7f771c02dbf0            1            3
                dlmopen      libdl.so.2       7f771c02db40            0            3
                  .text      libdl.so.2       7f771c02ce50            1           39
               .plt.got      libdl.so.2       7f771c02ce20            0            1
                  _init      libdl.so.2       7f771c02cd20            1            6
                  _fini    libpcre.so.3       7f771c2824d0            1            3
                  .text    libpcre.so.3       7f771c231520            0           37
               .plt.got    libpcre.so.3       7f771c231510            1            1
                  _init    libpcre.so.3       7f771c2313b8            1            6
        _dl_catch_error       libc.so.6       7f771c609250            0           74
               _dl_addr       libc.so.6       7f771c607ec0            1        59300
      __register_atfork       libc.so.6       7f771c5d26b0            1           51
    __libc_pthread_init       libc.so.6       7f771c5d2650            1          386
                 __mmap       libc.so.6       7f771c5bd7d0           14          490
            getpagesize       libc.so.6       7f771c5b8b80           13           65
                  ioctl       libc.so.6       7f771c5b8310            1            5
                 __sbrk       libc.so.6       7f771c5b8260            2           48
                    brk       libc.so.6       7f771c5b81f0            2           24
            __getrlimit       libc.so.6       7f771c5b7cd0            1            9
              tcgetattr       libc.so.6       7f771c5b79c0            1           38
                 isatty       libc.so.6       7f771c5b3cb0            1           14
       __close_nocancel       libc.so.6       7f771c5b2a10           20          100
                 access       libc.so.6       7f771c5b2310            1            9
                __write       libc.so.6       7f771c5b2210           16          144
        __read_nocancel       libc.so.6       7f771c5b21e0            2           10
                 __read       libc.so.6       7f771c5b2140            2           18
        __open_nocancel       libc.so.6       7f771c5b1e40           17          408
               __open64       libc.so.6       7f771c5b1d10            1           28
               statfs64       libc.so.6       7f771c5b1a40            2           18
             __fxstat64       libc.so.6       7f771c5b1880           19          190
            getopt_long       libc.so.6       7f771c5a5db0            1            6
                sysconf       libc.so.6       7f771c588a50           13          494
                  _Exit       libc.so.6       7f771c586ba0            1            8
                readdir       libc.so.6       7f771c5819b0           64         2571
               closedir       libc.so.6       7f771c581980            1            8
                opendir       libc.so.6       7f771c5816f0            1           53
              strcoll_l       libc.so.6       7f771c543700          204       142991
                 memmem       libc.so.6       7f771c5422d0           12         1788
                strndup       libc.so.6       7f771c53fb30           12          216
               __strdup       libc.so.6       7f771c53fae0           13          221
                strcoll       libc.so.6       7f771c53f970          204          612
     __default_morecore       libc.so.6       7f771c53d2d0            2           14
                realloc       libc.so.6       7f771c53ad70            4          166
                  cfree       libc.so.6       7f771c539a30          129         7664
          __libc_malloc       libc.so.6       7f771c539140          301        14437
     _IO_unsave_markers       libc.so.6       7f771c531cb0            4           24
     _IO_default_finish       libc.so.6       7f771c530d30            4          100
     _IO_default_xsputn       libc.so.6       7f771c5304f0            1          298
      _IO_default_uflow       libc.so.6       7f771c530490            2           44
         _IO_doallocbuf       libc.so.6       7f771c5303d0            3           75
               _IO_setb       libc.so.6       7f771c530370            7          159
                __uflow       libc.so.6       7f771c5301a0            2           74
            __underflow       libc.so.6       7f771c52ffd0            2           73
             __overflow       libc.so.6       7f771c52ff60          214         3638
 _IO_switch_to_get_mode       libc.so.6       7f771c52fe80            4           96
            _IO_link_in       libc.so.6       7f771c52f980            4          222
            _IO_un_link       libc.so.6       7f771c52f690            8          426
      _IO_file_overflow       libc.so.6       7f771c52f3d0          229         7686
     _IO_file_underflow       libc.so.6       7f771c52f0f0            4          224
           _IO_do_write       libc.so.6       7f771c52ef70           18          984
         _IO_file_fopen       libc.so.6       7f771c52e580            2          178
        _IO_file_finish       libc.so.6       7f771c52e400            4           48
      _IO_file_close_it       libc.so.6       7f771c52e260            4          225
        _IO_file_xsputn       libc.so.6       7f771c52da00           61         6845
          _IO_file_read       libc.so.6       7f771c52d9e0            4           20
         _IO_file_write       libc.so.6       7f771c52d260           16          576
          _IO_file_stat       libc.so.6       7f771c52d250            3           12
         _IO_file_close       libc.so.6       7f771c52c910            4            8
          _IO_file_sync       libc.so.6       7f771c52c7a0            2           34
         fgets_unlocked       libc.so.6       7f771c52c660           83         3066
        fwrite_unlocked       libc.so.6       7f771c52c590           61         2378
          __fsetlocking       libc.so.6       7f771c52b540            1           14
             __fpending       libc.so.6       7f771c52b510            2           12
             __freading       libc.so.6       7f771c52b430            4           28
        fileno_unlocked       libc.so.6       7f771c529880            2           12
            _IO_getline       libc.so.6       7f771c521eb0           83         4811
               getdelim       libc.so.6       7f771c521b80           36         2756
                fopen64       libc.so.6       7f771c520f10            2           82
             _IO_fflush       libc.so.6       7f771c5208c0            2          100
                 fclose       libc.so.6       7f771c520330            4          254
    _IO_file_doallocate       libc.so.6       7f771c5201e0            3          165
       __call_tls_dtors       libc.so.6       7f771c4e5990            1           11
         __cxa_finalize       libc.so.6       7f771c4e5640            5          290
           __cxa_atexit       libc.so.6       7f771c4e5550            2           72
                   exit       libc.so.6       7f771c4e5240            1            5
                 getenv       libc.so.6       7f771c4e4800           38         9458
                  qsort       libc.so.6       7f771c4e47f0            1            2
                qsort_r       libc.so.6       7f771c4e4370            1           66
                _setjmp       libc.so.6       7f771c4e0d30            2            4
            __sigsetjmp       libc.so.6       7f771c4e0c90            2           54
             textdomain       libc.so.6       7f771c4d6c20            1           53
         bindtextdomain       libc.so.6       7f771c4d2a30            1           74
           __ctype_init       libc.so.6       7f771c4d29e0            1           16
 __ctype_get_mb_cur_max       libc.so.6       7f771c4d1220          305         1525
              setlocale       libc.so.6       7f771c4cf120            1          787
       __errno_location       libc.so.6       7f771c4c3f80          270          810
      __libc_start_main       libc.so.6       7f771c4c3b10            1           55
                  _init       libc.so.6       7f771c4c3980            1           99
                  .text       libc.so.6       7f771c4c32d0            0          202
               .plt.got       libc.so.6       7f771c4c32c0          229          317
                   @plt       libc.so.6       7f771c4c32b0           63           63
                   @plt       libc.so.6       7f771c4c3270           13           13
                   @plt       libc.so.6       7f771c4c3230           86           86
                   @plt       libc.so.6       7f771c4c3210          211          211
                   @plt       libc.so.6       7f771c4c3200          234          234
_dl_find_dso_for_object@plt       libc.so.6       7f771c4c31a0            1            3
                   @plt       libc.so.6       7f771c4c3160          518          518
                   @plt       libc.so.6       7f771c4c3110           97           97
                   @plt       libc.so.6       7f771c4c3100          995          995
  __tunable_get_val@plt       libc.so.6       7f771c4c30f0           11           13
                   @plt       libc.so.6       7f771c4c30d0          192          192
                   @plt       libc.so.6       7f771c4c30c0          129          129
                   @plt       libc.so.6       7f771c4c3050          193          193
                   @plt       libc.so.6       7f771c4c3040           12           12
            realloc@plt       libc.so.6       7f771c4c3020            3            5
                   @plt       libc.so.6       7f771c4c3000           12           12
                   .plt       libc.so.6       7f771c4c2fd0            3            6
                  _fini libselinux.so.1       7f771c8e94d0            1            3
       selinuxfs_exists libselinux.so.1       7f771c8da3f0            1          504
                  .text libselinux.so.1       7f771c8d2210            1          366
               .plt.got libselinux.so.1       7f771c8d21c0            0            1
             strstr@plt libselinux.so.1       7f771c8d2170           35           37
            sysconf@plt libselinux.so.1       7f771c8d20b0            1            3
              fopen@plt libselinux.so.1       7f771c8d2080            1            3
             access@plt libselinux.so.1       7f771c8d2070            1            3
      __fsetlocking@plt libselinux.so.1       7f771c8d1ef0            1            3
             statfs@plt libselinux.so.1       7f771c8d1e60            2            4
         __getdelim@plt libselinux.so.1       7f771c8d1dc0           36           38
             fclose@plt libselinux.so.1       7f771c8d1b80            1            3
   __errno_location@plt libselinux.so.1       7f771c8d1a70            2            4
               free@plt libselinux.so.1       7f771c8d1a30           37           39
                   .plt libselinux.so.1       7f771c8d1a10           10           20
                  _init libselinux.so.1       7f771c8d19f8            1            6
    _dl_catch_exception ld-linux-x86-64.so.2       7f7731a77df0           13          403
                   free ld-linux-x86-64.so.2       7f7731a77800            5           20
                 calloc ld-linux-x86-64.so.2       7f7731a777c0           17          136
                 malloc ld-linux-x86-64.so.2       7f7731a77690           38          740
      __tunable_get_val ld-linux-x86-64.so.2       7f7731a753d0           26          474
_dl_find_dso_for_object ld-linux-x86-64.so.2       7f7731a707e0            1           47
  _dl_allocate_tls_init ld-linux-x86-64.so.2       7f7731a6f300            1          153
_dl_get_tls_static_info ld-linux-x86-64.so.2       7f7731a6f210            1            5
        _dl_debug_state ld-linux-x86-64.so.2       7f7731a6cf40            2            2
                  .text ld-linux-x86-64.so.2       7f7731a5cf10            1        10967
               .plt.got ld-linux-x86-64.so.2       7f7731a5cf00            5            5
             calloc@plt ld-linux-x86-64.so.2       7f7731a5cec0           17           17
             malloc@plt ld-linux-x86-64.so.2       7f7731a5cea0           38           38
_dl_catch_exception@plt ld-linux-x86-64.so.2       7f7731a5ce90           13           13
                  _fini              ls       55a3f74b036c            1            3
                  .text              ls       55a3f749de90            1       167602
               .plt.got              ls       55a3f749de70            4           74
       __cxa_atexit@plt              ls       55a3f749dd70            1            1
          setlocale@plt              ls       55a3f749dcc0            1            1
            realloc@plt              ls       55a3f749dc90            1            1
    fwrite_unlocked@plt              ls       55a3f749dc80           61           61
         __freading@plt              ls       55a3f749dc70            4            4
            strcoll@plt              ls       55a3f749dc50          204          204
             fflush@plt              ls       55a3f749dc10            2            2
            readdir@plt              ls       55a3f749dbf0           64           64
             fileno@plt              ls       55a3f749dbc0            2            2
             memcpy@plt              ls       55a3f749db80           85           85
            _setjmp@plt              ls       55a3f749dae0            1            1
           closedir@plt              ls       55a3f749dac0            1            1
              ioctl@plt              ls       55a3f749da80            1            1
            strrchr@plt              ls       55a3f749d9e0            1            1
         __overflow@plt              ls       55a3f749d9d0          214          214
        getopt_long@plt              ls       55a3f749d980            1            1
             strlen@plt              ls       55a3f749d950          306          306
__ctype_get_mb_cur_max@plt              ls       55a3f749d940          305          305
     bindtextdomain@plt              ls       55a3f749d920            1            1
            opendir@plt              ls       55a3f749d900            1            1
             fclose@plt              ls       55a3f749d8f0            2            2
         textdomain@plt              ls       55a3f749d8e0            1            1
             isatty@plt              ls       55a3f749d850            1            1
         __fpending@plt              ls       55a3f749d840            2            2
   __errno_location@plt              ls       55a3f749d7f0          268          268
             getenv@plt              ls       55a3f749d7a0            9            9
                  _init              ls       55a3f749d758            1            6
